# JRE version: Java(TM) SE Runtime Environment (8.0_241-b07) (build 1.8.0_241-b07)
# Java VM: Java HotSpot(TM) 64-Bit Server VM (25.241-b07 mixed mode windows-amd64 compressed oops)
Heap:
 PSYoungGen      total 156160K, used 78681K [0x00000000f5580000, 0x0000000100000000, 0x0000000100000000)
  eden space 141824K, 45% used [0x00000000f5580000,0x00000000f94572d0,0x00000000fe000000)
  from space 14336K, 99% used [0x00000000ff100000,0x00000000ffeff368,0x00000000fff00000)
  to   space 16384K, 0% used [0x00000000fe000000,0x00000000fe000000,0x00000000ff000000)
 ParOldGen       total 175104K, used 15609K [0x00000000e0000000, 0x00000000eab00000, 0x00000000f5580000)
  object space 175104K, 8% used [0x00000000e0000000,0x00000000e0f3e668,0x00000000eab00000)
 Metaspace       used 50045K, capacity 53592K, committed 53720K, reserved 1095680K
  class space    used 7245K, capacity 7879K, committed 7896K, reserved 1048576K
GC Heap History (10 events):
Event: 6.139 GC heap before
{Heap before GC invocations=6 (full 1):
 PSYoungGen      total 141824K, used 131072K [0x00000000f5580000, 0x00000000fea80000, 0x0000000100000000)
  eden space 131072K, 100% used [0x00000000f5580000,0x00000000fd580000,0x00000000fd580000)
  from space 10752K, 0% used [0x00000000fe000000,0x00000000fe000000,0x00000000fea80000)
  to   space 10752K, 0% used [0x00000000fd580000,0x00000000fd580000,0x00000000fe000000)
 ParOldGen       total 175104K, used 9788K [0x00000000e0000000, 0x00000000eab00000, 0x00000000f5580000)
  object space 175104K, 5% used [0x00000000e0000000,0x00000000e098f048,0x00000000eab00000)
 Metaspace       used 31945K, capacity 33388K, committed 33664K, reserved 1077248K
  class space    used 4684K, capacity 4983K, committed 4992K, reserved 1048576K
Event: 6.151 GC heap after
Heap after GC invocations=6 (full 1):
 PSYoungGen      total 141824K, used 10751K [0x00000000f5580000, 0x0000000100000000, 0x0000000100000000)
  eden space 131072K, 0% used [0x00000000f5580000,0x00000000f5580000,0x00000000fd580000)
  from space 10752K, 99% used [0x00000000fd580000,0x00000000fdfffe48,0x00000000fe000000)
  to   space 14848K, 0% used [0x00000000ff180000,0x00000000ff180000,0x0000000100000000)
 ParOldGen       total 175104K, used 12378K [0x00000000e0000000, 0x00000000eab00000, 0x00000000f5580000)
  object space 175104K, 7% used [0x00000000e0000000,0x00000000e0c16be0,0x00000000eab00000)
 Metaspace       used 31945K, capacity 33388K, committed 33664K, reserved 1077248K
  class space    used 4684K, capacity 4983K, committed 4992K, reserved 1048576K
}
Event: 6.400 GC heap before
{Heap before GC invocations=7 (full 1):
 PSYoungGen      total 141824K, used 35998K [0x00000000f5580000, 0x0000000100000000, 0x0000000100000000)
  eden space 131072K, 19% used [0x00000000f5580000,0x00000000f6e27cc0,0x00000000fd580000)
  from space 10752K, 99% used [0x00000000fd580000,0x00000000fdfffe48,0x00000000fe000000)
  to   space 14848K, 0% used [0x00000000ff180000,0x00000000ff180000,0x0000000100000000)
 ParOldGen       total 175104K, used 12378K [0x00000000e0000000, 0x00000000eab00000, 0x00000000f5580000)
  object space 175104K, 7% used [0x00000000e0000000,0x00000000e0c16be0,0x00000000eab00000)
 Metaspace       used 33815K, capacity 35366K, committed 35416K, reserved 1079296K
  class space    used 4838K, capacity 5176K, committed 5208K, reserved 1048576K
Event: 6.407 GC heap after
Heap after GC invocations=7 (full 1):
 PSYoungGen      total 159744K, used 7355K [0x00000000f5580000, 0x0000000100000000, 0x0000000100000000)
  eden space 144896K, 0% used [0x00000000f5580000,0x00000000f5580000,0x00000000fe300000)
  from space 14848K, 49% used [0x00000000ff180000,0x00000000ff8aee00,0x0000000100000000)
  to   space 14848K, 0% used [0x00000000fe300000,0x00000000fe300000,0x00000000ff180000)
 ParOldGen       total 175104K, used 12386K [0x00000000e0000000, 0x00000000eab00000, 0x00000000f5580000)
  object space 175104K, 7% used [0x00000000e0000000,0x00000000e0c18be0,0x00000000eab00000)
 Metaspace       used 33815K, capacity 35366K, committed 35416K, reserved 1079296K
  class space    used 4838K, capacity 5176K, committed 5208K, reserved 1048576K
}
Event: 6.407 GC heap before
{Heap before GC invocations=8 (full 2):
 PSYoungGen      total 159744K, used 7355K [0x00000000f5580000, 0x0000000100000000, 0x0000000100000000)
  eden space 144896K, 0% used [0x00000000f5580000,0x00000000f5580000,0x00000000fe300000)
  from space 14848K, 49% used [0x00000000ff180000,0x00000000ff8aee00,0x0000000100000000)
  to   space 14848K, 0% used [0x00000000fe300000,0x00000000fe300000,0x00000000ff180000)
 ParOldGen       total 175104K, used 12386K [0x00000000e0000000, 0x00000000eab00000, 0x00000000f5580000)
  object space 175104K, 7% used [0x00000000e0000000,0x00000000e0c18be0,0x00000000eab00000)
 Metaspace       used 33815K, capacity 35366K, committed 35416K, reserved 1079296K
  class space    used 4838K, capacity 5176K, committed 5208K, reserved 1048576K
Event: 6.449 GC heap after
Heap after GC invocations=8 (full 2):
 PSYoungGen      total 159744K, used 0K [0x00000000f5580000, 0x0000000100000000, 0x0000000100000000)
  eden space 144896K, 0% used [0x00000000f5580000,0x00000000f5580000,0x00000000fe300000)
  from space 14848K, 0% used [0x00000000ff180000,0x00000000ff180000,0x0000000100000000)
  to   space 14848K, 0% used [0x00000000fe300000,0x00000000fe300000,0x00000000ff180000)
 ParOldGen       total 175104K, used 14751K [0x00000000e0000000, 0x00000000eab00000, 0x00000000f5580000)
  object space 175104K, 8% used [0x00000000e0000000,0x00000000e0e67d00,0x00000000eab00000)
 Metaspace       used 33815K, capacity 35366K, committed 35416K, reserved 1079296K
  class space    used 4838K, capacity 5176K, committed 5208K, reserved 1048576K
}
Event: 7.549 GC heap before
{Heap before GC invocations=9 (full 2):
 PSYoungGen      total 159744K, used 144896K [0x00000000f5580000, 0x0000000100000000, 0x0000000100000000)
  eden space 144896K, 100% used [0x00000000f5580000,0x00000000fe300000,0x00000000fe300000)
  from space 14848K, 0% used [0x00000000ff180000,0x00000000ff180000,0x0000000100000000)
  to   space 14848K, 0% used [0x00000000fe300000,0x00000000fe300000,0x00000000ff180000)
 ParOldGen       total 175104K, used 14751K [0x00000000e0000000, 0x00000000eab00000, 0x00000000f5580000)
  object space 175104K, 8% used [0x00000000e0000000,0x00000000e0e67d00,0x00000000eab00000)
 Metaspace       used 40598K, capacity 42718K, committed 42968K, reserved 1085440K
  class space    used 5848K, capacity 6272K, committed 6360K, reserved 1048576K
Event: 7.557 GC heap after
Heap after GC invocations=9 (full 2):
 PSYoungGen      total 153600K, used 8661K [0x00000000f5580000, 0x00000000fff00000, 0x0000000100000000)
  eden space 144896K, 0% used [0x00000000f5580000,0x00000000f5580000,0x00000000fe300000)
  from space 8704K, 99% used [0x00000000fe300000,0x00000000feb75590,0x00000000feb80000)
  to   space 14336K, 0% used [0x00000000ff100000,0x00000000ff100000,0x00000000fff00000)
 ParOldGen       total 175104K, used 14759K [0x00000000e0000000, 0x00000000eab00000, 0x00000000f5580000)
  object space 175104K, 8% used [0x00000000e0000000,0x00000000e0e69d00,0x00000000eab00000)
 Metaspace       used 40598K, capacity 42718K, committed 42968K, reserved 1085440K
  class space    used 5848K, capacity 6272K, committed 6360K, reserved 1048576K
}
Event: 9.104 GC heap before
{Heap before GC invocations=10 (full 2):
 PSYoungGen      total 153600K, used 153557K [0x00000000f5580000, 0x00000000fff00000, 0x0000000100000000)
  eden space 144896K, 100% used [0x00000000f5580000,0x00000000fe300000,0x00000000fe300000)
  from space 8704K, 99% used [0x00000000fe300000,0x00000000feb75590,0x00000000feb80000)
  to   space 14336K, 0% used [0x00000000ff100000,0x00000000ff100000,0x00000000fff00000)
 ParOldGen       total 175104K, used 14759K [0x00000000e0000000, 0x00000000eab00000, 0x00000000f5580000)
  object space 175104K, 8% used [0x00000000e0000000,0x00000000e0e69d00,0x00000000eab00000)
 Metaspace       used 49338K, capacity 52762K, committed 52952K, reserved 1093632K
  class space    used 7196K, capacity 7782K, committed 7896K, reserved 1048576K
Event: 9.118 GC heap after
Heap after GC invocations=10 (full 2):
 PSYoungGen      total 156160K, used 14332K [0x00000000f5580000, 0x0000000100000000, 0x0000000100000000)
  eden space 141824K, 0% used [0x00000000f5580000,0x00000000f5580000,0x00000000fe000000)
  from space 14336K, 99% used [0x00000000ff100000,0x00000000ffeff368,0x00000000fff00000)
  to   space 16384K, 0% used [0x00000000fe000000,0x00000000fe000000,0x00000000ff000000)
 ParOldGen       total 175104K, used 15609K [0x00000000e0000000, 0x00000000eab00000, 0x00000000f5580000)
  object space 175104K, 8% used [0x00000000e0000000,0x00000000e0f3e668,0x00000000eab00000)
 Metaspace       used 49338K, capacity 52762K, committed 52952K, reserved 1093632K
  class space    used 7196K, capacity 7782K, committed 7896K, reserved 1048576K
}

